Using pre-set license
Built from '2020.3/staging' branch; Version is '2020.3.0f1 (c7b5465681fb) revision 13088070'; Using compiler version '192528614'; Build Type 'Release'
OS: 'Windows 10 Pro; OS build 19042.985; Version 2009; 64bit' Language: 'de' Physical Memory: 8034 MB
BatchMode: 1, IsHumanControllingUs: 0, StartBugReporterOnCrash: 0, Is64bit: 1, IsPro: 0

 COMMAND LINE ARGUMENTS:
C:\Program Files\Unity\Hub\Editor\2020.3.0f1\Editor\Unity.exe
-adb2
-batchMode
-noUpm
-name
AssetImportWorker0
-projectPath
C:/Users/alexa/Desktop/FHNW/Extended Reality/exr_RestaurantTableView/360 Viewer
-logFile
Logs/AssetImportWorker0.log
-srvPort
55498
Successfully changed project path to: C:/Users/alexa/Desktop/FHNW/Extended Reality/exr_RestaurantTableView/360 Viewer
C:/Users/alexa/Desktop/FHNW/Extended Reality/exr_RestaurantTableView/360 Viewer
Using Asset Import Pipeline V2.
Refreshing native plugins compatible for Editor in 82.69 ms, found 0 plugins.
Preloading 0 native plugins for Editor in 0.00 ms.
Initialize engine version: 2020.3.0f1 (c7b5465681fb)
[Subsystems] Discovering subsystems at path C:/Program Files/Unity/Hub/Editor/2020.3.0f1/Editor/Data/Resources/UnitySubsystems
[Subsystems] Discovering subsystems at path C:/Users/alexa/Desktop/FHNW/Extended Reality/exr_RestaurantTableView/360 Viewer/Assets
GfxDevice: creating device client; threaded=0
Direct3D:
    Version:  Direct3D 11.0 [level 11.1]
    Renderer: NVIDIA GeForce MX150 (ID=0x1d12)
    Vendor:   
    VRAM:     1983 MB
    Driver:   27.21.14.6589
Initialize mono
Mono path[0] = 'C:/Program Files/Unity/Hub/Editor/2020.3.0f1/Editor/Data/Managed'
Mono path[1] = 'C:/Program Files/Unity/Hub/Editor/2020.3.0f1/Editor/Data/MonoBleedingEdge/lib/mono/unityjit'
Mono config path = 'C:/Program Files/Unity/Hub/Editor/2020.3.0f1/Editor/Data/MonoBleedingEdge/etc'
Using monoOptions --debugger-agent=transport=dt_socket,embedding=1,server=y,suspend=n,address=127.0.0.1:56144
Begin MonoManager ReloadAssembly
Registering precompiled unity dll's ...
Register platform support module: C:/Program Files/Unity/Hub/Editor/2020.3.0f1/Editor/Data/PlaybackEngines/WindowsStandaloneSupport/UnityEditor.WindowsStandalone.Extensions.dll
Registered in 0.003197 seconds.
Native extension for WindowsStandalone target not found
Refreshing native plugins compatible for Editor in 31.80 ms, found 0 plugins.
Preloading 0 native plugins for Editor in 0.00 ms.
Invoked RoslynAnalysisRunner static constructor.
RoslynAnalysisRunner will not be running.
RoslynAnalysisRunner has terminated.
Mono: successfully reloaded assembly
- Completed reload, in  3.618 seconds
Platform modules already initialized, skipping
Registering precompiled user dll's ...
Registered in 0.001017 seconds.
Begin MonoManager ReloadAssembly
Native extension for WindowsStandalone target not found
Refreshing native plugins compatible for Editor in 0.27 ms, found 0 plugins.
Preloading 0 native plugins for Editor in 0.00 ms.
Invoked RoslynAnalysisRunner static constructor.
RoslynAnalysisRunner will not be running.
RoslynAnalysisRunner has terminated.
Mono: successfully reloaded assembly
- Completed reload, in  1.120 seconds
Platform modules already initialized, skipping
========================================================================
Worker process is ready to serve import requests
Launched and connected shader compiler UnityShaderCompiler.exe after 0.07 seconds
Refreshing native plugins compatible for Editor in 0.28 ms, found 0 plugins.
Preloading 0 native plugins for Editor in 0.00 ms.
Unloading 1117 Unused Serialized files (Serialized files now loaded: 0)
System memory in use before: 76.3 MB.
System memory in use after: 76.4 MB.

Unloading 8 unused Assets to reduce memory usage. Loaded Objects now: 1582.
Total: 2.794800 ms (FindLiveObjects: 0.338900 ms CreateObjectMapping: 0.077500 ms MarkObjects: 2.338800 ms  DeleteObjects: 0.037000 ms)

========================================================================
Received Import Request.
  path: Assets/360_new.png
  artifactKey: Guid(9508dc00df8286546b952d6ee1a5043b) Importer(815301076,1909f56bfc062723c751e8b465ee728b)
Start importing Assets/360_new.png using Guid(9508dc00df8286546b952d6ee1a5043b) Importer(815301076,1909f56bfc062723c751e8b465ee728b)  -> (artifact id: 'd1e03bc2f567365e6cea9cf05ad4f4d6') in 0.242922 seconds
  Import took 0.245596 seconds .

========================================================================
Received Import Request.
  Time since last request: 0.000450 seconds.
  path: Assets/360.jpg
  artifactKey: Guid(1822718a6b9dcf64babd6a918f88d330) Importer(815301076,1909f56bfc062723c751e8b465ee728b)
Start importing Assets/360.jpg using Guid(1822718a6b9dcf64babd6a918f88d330) Importer(815301076,1909f56bfc062723c751e8b465ee728b)  -> (artifact id: '63d2aecc6d06339018838a122164c487') in 0.048529 seconds
  Import took 0.051247 seconds .

========================================================================
Received Import Request.
  Time since last request: 0.000695 seconds.
  path: Assets/reverse_sphere.obj
  artifactKey: Guid(b511af17e9662174ab8f0e36621f2634) Importer(815301076,1909f56bfc062723c751e8b465ee728b)
Start importing Assets/reverse_sphere.obj using Guid(b511af17e9662174ab8f0e36621f2634) Importer(815301076,1909f56bfc062723c751e8b465ee728b)  -> (artifact id: '9ab041aa11834cac02299ed1d8a8184e') in 0.169485 seconds
  Import took 0.172903 seconds .

========================================================================
Received Import Request.
  Time since last request: 0.000352 seconds.
  path: Assets/360.mat
  artifactKey: Guid(50607f536bb1c4b4b850f6c1e55c667d) Importer(815301076,1909f56bfc062723c751e8b465ee728b)
Start importing Assets/360.mat using Guid(50607f536bb1c4b4b850f6c1e55c667d) Importer(815301076,1909f56bfc062723c751e8b465ee728b)  -> (artifact id: '34912d7c2376ad55d508619ac19631ae') in 0.054070 seconds
  Import took 0.056599 seconds .

AssetImportWorkerClient::OnTransportError - code=2 error=End of file
