Using pre-set license
Built from '2020.3/staging' branch; Version is '2020.3.0f1 (c7b5465681fb) revision 13088070'; Using compiler version '192528614'; Build Type 'Release'
OS: 'Windows 10 Pro; OS build 19042.985; Version 2009; 64bit' Language: 'de' Physical Memory: 8034 MB
BatchMode: 1, IsHumanControllingUs: 0, StartBugReporterOnCrash: 0, Is64bit: 1, IsPro: 0

 COMMAND LINE ARGUMENTS:
C:\Program Files\Unity\Hub\Editor\2020.3.0f1\Editor\Unity.exe
-adb2
-batchMode
-noUpm
-name
AssetImportWorker0
-projectPath
C:/Users/alexa/Desktop/FHNW/Extended Reality/exr_RestaurantTableView/360 Viewer
-logFile
Logs/AssetImportWorker0.log
-srvPort
63727
Successfully changed project path to: C:/Users/alexa/Desktop/FHNW/Extended Reality/exr_RestaurantTableView/360 Viewer
C:/Users/alexa/Desktop/FHNW/Extended Reality/exr_RestaurantTableView/360 Viewer
Using Asset Import Pipeline V2.
Refreshing native plugins compatible for Editor in 28.61 ms, found 0 plugins.
Preloading 0 native plugins for Editor in 0.00 ms.
Initialize engine version: 2020.3.0f1 (c7b5465681fb)
[Subsystems] Discovering subsystems at path C:/Program Files/Unity/Hub/Editor/2020.3.0f1/Editor/Data/Resources/UnitySubsystems
[Subsystems] Discovering subsystems at path C:/Users/alexa/Desktop/FHNW/Extended Reality/exr_RestaurantTableView/360 Viewer/Assets
GfxDevice: creating device client; threaded=0
Direct3D:
    Version:  Direct3D 11.0 [level 11.1]
    Renderer: NVIDIA GeForce MX150 (ID=0x1d12)
    Vendor:   
    VRAM:     1983 MB
    Driver:   27.21.14.6589
Initialize mono
Mono path[0] = 'C:/Program Files/Unity/Hub/Editor/2020.3.0f1/Editor/Data/Managed'
Mono path[1] = 'C:/Program Files/Unity/Hub/Editor/2020.3.0f1/Editor/Data/MonoBleedingEdge/lib/mono/unityjit'
Mono config path = 'C:/Program Files/Unity/Hub/Editor/2020.3.0f1/Editor/Data/MonoBleedingEdge/etc'
Using monoOptions --debugger-agent=transport=dt_socket,embedding=1,server=y,suspend=n,address=127.0.0.1:56956
Begin MonoManager ReloadAssembly
Registering precompiled unity dll's ...
Register platform support module: C:/Program Files/Unity/Hub/Editor/2020.3.0f1/Editor/Data/PlaybackEngines/WindowsStandaloneSupport/UnityEditor.WindowsStandalone.Extensions.dll
Registered in 0.002000 seconds.
Native extension for WindowsStandalone target not found
Refreshing native plugins compatible for Editor in 22.12 ms, found 0 plugins.
Preloading 0 native plugins for Editor in 0.00 ms.
Invoked RoslynAnalysisRunner static constructor.
RoslynAnalysisRunner will not be running.
RoslynAnalysisRunner has terminated.
Mono: successfully reloaded assembly
- Completed reload, in  1.986 seconds
Platform modules already initialized, skipping
Registering precompiled user dll's ...
Registered in 0.000690 seconds.
Begin MonoManager ReloadAssembly
Native extension for WindowsStandalone target not found
Refreshing native plugins compatible for Editor in 0.26 ms, found 0 plugins.
Preloading 0 native plugins for Editor in 0.00 ms.
Invoked RoslynAnalysisRunner static constructor.
RoslynAnalysisRunner will not be running.
RoslynAnalysisRunner has terminated.
Mono: successfully reloaded assembly
- Completed reload, in  0.913 seconds
Platform modules already initialized, skipping
========================================================================
Worker process is ready to serve import requests
Launched and connected shader compiler UnityShaderCompiler.exe after 0.05 seconds
Refreshing native plugins compatible for Editor in 0.24 ms, found 0 plugins.
Preloading 0 native plugins for Editor in 0.00 ms.
Unloading 1118 Unused Serialized files (Serialized files now loaded: 0)
System memory in use before: 76.3 MB.
System memory in use after: 76.4 MB.

Unloading 8 unused Assets to reduce memory usage. Loaded Objects now: 1583.
Total: 1.883000 ms (FindLiveObjects: 0.181700 ms CreateObjectMapping: 0.042900 ms MarkObjects: 1.631800 ms  DeleteObjects: 0.025100 ms)

========================================================================
Received Import Request.
  path: Assets/ButtonPress.cs
  artifactKey: Guid(588b22881c403294bb4de39dbfbe489c) Importer(815301076,1909f56bfc062723c751e8b465ee728b)
Start importing Assets/ButtonPress.cs using Guid(588b22881c403294bb4de39dbfbe489c) Importer(815301076,1909f56bfc062723c751e8b465ee728b)  -> (artifact id: '21ca18d2dc02f0778b9624d6bbe4336a') in 0.031740 seconds
  Import took 0.033710 seconds .

========================================================================
Received Import Request.
  Time since last request: 0.005387 seconds.
  path: Assets/ButtonPress.cs
  artifactKey: Guid(588b22881c403294bb4de39dbfbe489c) Importer(815301076,1909f56bfc062723c751e8b465ee728b)
Start importing Assets/ButtonPress.cs using Guid(588b22881c403294bb4de39dbfbe489c) Importer(815301076,1909f56bfc062723c751e8b465ee728b)  -> (artifact id: '21ca18d2dc02f0778b9624d6bbe4336a') in 0.002972 seconds
  Import took 0.004902 seconds .

========================================================================
Received Prepare
Refreshing native plugins compatible for Editor in 1.77 ms, found 0 plugins.
Preloading 0 native plugins for Editor in 0.00 ms.
Unloading 2 Unused Serialized files (Serialized files now loaded: 0)
System memory in use before: 53.7 MB.
System memory in use after: 53.8 MB.

Unloading 2 unused Assets to reduce memory usage. Loaded Objects now: 1583.
Total: 2.643000 ms (FindLiveObjects: 0.269100 ms CreateObjectMapping: 0.069800 ms MarkObjects: 2.283100 ms  DeleteObjects: 0.019000 ms)

AssetImportWorkerClient::OnTransportError - code=2 error=End of file
